[ec2-user@ip-172-31-43-215 letsencrypt]$ sudo ./letsencrypt-auto --debug
Creating virtual environment...
Installing Python packages...
Installation succeeded.
Saving debug log to /var/log/letsencrypt/letsencrypt.log
Plugins selected: Authenticator apache, Installer apache

Which names would you like to activate HTTPS for?
-------------------------------------------------------------------------------
1: niladrighosh.com
2: www.niladrighosh.com
3: wowanalysis.com
4: www.wowanalysis.com
-------------------------------------------------------------------------------
Select the appropriate numbers separated by commas and/or spaces, or leave input
blank to select all options shown (Enter 'c' to cancel):
Cert is due for renewal, auto-renewing...
Renewing an existing certificate
Performing the following challenges:
tls-sni-01 challenge for niladrighosh.com
tls-sni-01 challenge for www.niladrighosh.com
tls-sni-01 challenge for wowanalysis.com
tls-sni-01 challenge for www.wowanalysis.com
Waiting for verification...
Cleaning up challenges
Deploying Certificate to VirtualHost /etc/httpd/conf/httpd.conf
Deploying Certificate to VirtualHost /etc/httpd/conf/httpd.conf
Deploying Certificate to VirtualHost /etc/httpd/conf/httpd.conf
Deploying Certificate to VirtualHost /etc/httpd/conf/httpd.conf

Please choose whether or not to redirect HTTP traffic to HTTPS, removing HTTP access.
-------------------------------------------------------------------------------
1: No redirect - Make no further changes to the webserver configuration.
2: Redirect - Make all requests redirect to secure HTTPS access. Choose this for
new sites, or if you're confident your site works on HTTPS. You can undo this
change by editing your web server's configuration.
-------------------------------------------------------------------------------
Select the appropriate number [1-2] then [enter] (press 'c' to cancel): 2
Redirecting vhost in /etc/httpd/conf/httpd.conf to ssl vhost in /etc/httpd/conf/httpd.conf
Redirecting vhost in /etc/httpd/conf/httpd.conf to ssl vhost in /etc/httpd/conf/httpd.conf
Redirecting vhost in /etc/httpd/conf/httpd.conf to ssl vhost in /etc/httpd/conf/httpd.conf
Redirecting vhost in /etc/httpd/conf/httpd.conf to ssl vhost in /etc/httpd/conf/httpd.conf

-------------------------------------------------------------------------------
Your existing certificate has been successfully renewed, and the new certificate
has been installed.

The new certificate covers the following domains: https://niladrighosh.com,
https://www.niladrighosh.com, https://wowanalysis.com, and
https://www.wowanalysis.com

You should test your configuration at:
https://www.ssllabs.com/ssltest/analyze.html?d=niladrighosh.com
https://www.ssllabs.com/ssltest/analyze.html?d=www.niladrighosh.com
https://www.ssllabs.com/ssltest/analyze.html?d=wowanalysis.com
https://www.ssllabs.com/ssltest/analyze.html?d=www.wowanalysis.com
-------------------------------------------------------------------------------

IMPORTANT NOTES:
 - Congratulations! Your certificate and chain have been saved at:
   /etc/letsencrypt/live/www.niladrighosh.com/fullchain.pem
   Your key file has been saved at:
   /etc/letsencrypt/live/www.niladrighosh.com/privkey.pem
   Your cert will expire on 2018-09-07. To obtain a new or tweaked
   version of this certificate in the future, simply run
   letsencrypt-auto again with the "certonly" option. To
   non-interactively renew *all* of your certificates, run
   "letsencrypt-auto renew"
 - If you like Certbot, please consider supporting our work by:

   Donating to ISRG / Let's Encrypt:   https://letsencrypt.org/donate
   Donating to EFF:                    https://eff.org/donate-le

[ec2-user@ip-172-31-43-215 letsencrypt]$
